[0808/085907.144:ERROR:prune_crash_reports.cc(35)] PruneCrashReportDatabase: Failed to get pending reports
[0808/092654.444:ERROR:prune_crash_reports.cc(35)] PruneCrashReportDatabase: Failed to get pending reports
[0808/093743.029:ERROR:prune_crash_reports.cc(35)] PruneCrashReportDatabase: Failed to get pending reports
[0809/045856.742:ERROR:prune_crash_reports.cc(35)] PruneCrashReportDatabase: Failed to get pending reports
[0809/080746.203:ERROR:process_reader_win.cc(127)] NtOpenThread: {Access Denied} A process has requested access to an object, but has not been granted those access rights. (0xc0000022)
[0809/080746.265:ERROR:exception_snapshot_win.cc(99)] thread ID 16396 not found in process
[0809/080746.429:ERROR:file_io_win.cc(161)] CreateFile C:\Users\pegAsus\AppData\Local\Temp\scoped_dir12036_271914043\Crashpad\settings.dat: The system cannot find the path specified. (0x3)
[0809/080746.429:ERROR:file_io_win.cc(161)] CreateFile C:\Users\pegAsus\AppData\Local\Temp\scoped_dir12036_271914043\Crashpad\settings.dat: The system cannot find the path specified. (0x3)
[0809/080746.429:ERROR:file_io_win.cc(161)] CreateFile C:\Users\pegAsus\AppData\Local\Temp\scoped_dir12036_271914043\Crashpad\settings.dat: The system cannot find the path specified. (0x3)
[0809/080746.429:ERROR:file_io_win.cc(170)] CreateFile C:\Users\pegAsus\AppData\Local\Temp\scoped_dir12036_271914043\Crashpad\reports\1ce09371-3d3a-4d3c-a532-822faa95c27a.dmp: The system cannot find the path specified. (0x3)
[0809/080746.429:ERROR:crash_report_exception_handler.cc(120)] PrepareNewCrashReport failed
[0809/094020.061:ERROR:prune_crash_reports.cc(35)] PruneCrashReportDatabase: Failed to get pending reports
[0809/101117.653:ERROR:prune_crash_reports.cc(35)] PruneCrashReportDatabase: Failed to get pending reports
[0809/101220.396:ERROR:prune_crash_reports.cc(35)] PruneCrashReportDatabase: Failed to get pending reports
[0809/101430.579:ERROR:process_reader_win.cc(127)] NtOpenThread: {Access Denied} A process has requested access to an object, but has not been granted those access rights. (0xc0000022)
[0809/101430.579:ERROR:process_reader_win.cc(127)] NtOpenThread: {Access Denied} A process has requested access to an object, but has not been granted those access rights. (0xc0000022)
[0809/101430.774:ERROR:exception_snapshot_win.cc(99)] thread ID 21976 not found in process
[0809/101430.579:ERROR:process_reader_win.cc(127)] NtOpenThread: {Access Denied} A process has requested access to an object, but has not been granted those access rights. (0xc0000022)
[0809/101430.774:ERROR:exception_snapshot_win.cc(99)] thread ID 2180 not found in process
[0809/101430.774:ERROR:exception_snapshot_win.cc(99)] thread ID 19564 not found in process
[0809/101430.574:ERROR:process_reader_win.cc(127)] NtOpenThread: {Access Denied} A process has requested access to an object, but has not been granted those access rights. (0xc0000022)
[0809/101430.774:ERROR:exception_snapshot_win.cc(99)] thread ID 16300 not found in process
[0809/101430.579:ERROR:process_reader_win.cc(127)] NtOpenThread: {Access Denied} A process has requested access to an object, but has not been granted those access rights. (0xc0000022)
[0809/101430.776:ERROR:exception_snapshot_win.cc(99)] thread ID 21672 not found in process
[0809/101430.576:ERROR:process_reader_win.cc(127)] NtOpenThread: {Access Denied} A process has requested access to an object, but has not been granted those access rights. (0xc0000022)
[0809/101430.779:ERROR:exception_snapshot_win.cc(99)] thread ID 21684 not found in process
[0809/101430.579:ERROR:process_reader_win.cc(127)] NtOpenThread: {Access Denied} A process has requested access to an object, but has not been granted those access rights. (0xc0000022)
[0809/101430.779:ERROR:exception_snapshot_win.cc(99)] thread ID 16664 not found in process
[0809/101430.856:ERROR:file_io_win.cc(161)] CreateFile C:\Users\pegAsus\AppData\Local\Temp\scoped_dir21608_1018513616\Crashpad\settings.dat: The system cannot find the path specified. (0x3)
[0809/101430.856:ERROR:file_io_win.cc(161)] CreateFile C:\Users\pegAsus\AppData\Local\Temp\scoped_dir16364_976435638\Crashpad\settings.dat: The system cannot find the path specified. (0x3)
[0809/101430.856:ERROR:file_io_win.cc(161)] CreateFile C:\Users\pegAsus\AppData\Local\Temp\scoped_dir11292_2119623647\Crashpad\settings.dat: The system cannot find the path specified. (0x3)
[0809/101430.856:ERROR:file_io_win.cc(161)] CreateFile C:\Users\pegAsus\AppData\Local\Temp\scoped_dir21920_69513249\Crashpad\settings.dat: The system cannot find the path specified. (0x3)
[0809/101430.857:ERROR:file_io_win.cc(161)] CreateFile C:\Users\pegAsus\AppData\Local\Temp\scoped_dir21608_1018513616\Crashpad\settings.dat: The system cannot find the path specified. (0x3)
[0809/101430.856:ERROR:file_io_win.cc(161)] CreateFile C:\Users\pegAsus\AppData\Local\Temp\scoped_dir22392_54765468\Crashpad\settings.dat: The system cannot find the path specified. (0x3)
[0809/101430.857:ERROR:file_io_win.cc(161)] CreateFile C:\Users\pegAsus\AppData\Local\Temp\scoped_dir16364_976435638\Crashpad\settings.dat: The system cannot find the path specified. (0x3)
[0809/101430.857:ERROR:file_io_win.cc(161)] CreateFile C:\Users\pegAsus\AppData\Local\Temp\scoped_dir21608_1018513616\Crashpad\settings.dat: The system cannot find the path specified. (0x3)
[0809/101430.857:ERROR:file_io_win.cc(161)] CreateFile C:\Users\pegAsus\AppData\Local\Temp\scoped_dir11292_2119623647\Crashpad\settings.dat: The system cannot find the path specified. (0x3)
[0809/101430.857:ERROR:file_io_win.cc(161)] CreateFile C:\Users\pegAsus\AppData\Local\Temp\scoped_dir21920_69513249\Crashpad\settings.dat: The system cannot find the path specified. (0x3)
[0809/101430.857:ERROR:file_io_win.cc(161)] CreateFile C:\Users\pegAsus\AppData\Local\Temp\scoped_dir22392_54765468\Crashpad\settings.dat: The system cannot find the path specified. (0x3)
[0809/101430.857:ERROR:file_io_win.cc(161)] CreateFile C:\Users\pegAsus\AppData\Local\Temp\scoped_dir16364_976435638\Crashpad\settings.dat: The system cannot find the path specified. (0x3)
[0809/101430.857:ERROR:file_io_win.cc(161)] CreateFile C:\Users\pegAsus\AppData\Local\Temp\scoped_dir11292_2119623647\Crashpad\settings.dat: The system cannot find the path specified. (0x3)
[0809/101430.857:ERROR:file_io_win.cc(161)] CreateFile C:\Users\pegAsus\AppData\Local\Temp\scoped_dir21920_69513249\Crashpad\settings.dat: The system cannot find the path specified. (0x3)
[0809/101430.857:ERROR:file_io_win.cc(161)] CreateFile C:\Users\pegAsus\AppData\Local\Temp\scoped_dir22392_54765468\Crashpad\settings.dat: The system cannot find the path specified. (0x3)
[0809/101430.857:ERROR:file_io_win.cc(170)] CreateFile C:\Users\pegAsus\AppData\Local\Temp\scoped_dir21608_1018513616\Crashpad\reports\546f225a-2342-40c3-880c-a481b1126f0e.dmp: The system cannot find the path specified. (0x3)
[0809/101430.857:ERROR:crash_report_exception_handler.cc(120)] PrepareNewCrashReport failed
[0809/101430.857:ERROR:file_io_win.cc(170)] CreateFile C:\Users\pegAsus\AppData\Local\Temp\scoped_dir21920_69513249\Crashpad\reports\27b546a0-799a-451d-bbef-024c015b5c79.dmp: The system cannot find the path specified. (0x3)
[0809/101430.857:ERROR:file_io_win.cc(170)] CreateFile C:\Users\pegAsus\AppData\Local\Temp\scoped_dir16364_976435638\Crashpad\reports\ba3dbcef-9bbe-4125-b97b-d5e289b88c33.dmp: The system cannot find the path specified. (0x3)
[0809/101430.857:ERROR:file_io_win.cc(170)] CreateFile C:\Users\pegAsus\AppData\Local\Temp\scoped_dir11292_2119623647\Crashpad\reports\3e075f85-ce0f-4daf-9b74-a3d55c79b40c.dmp: The system cannot find the path specified. (0x3)
[0809/101430.857:ERROR:crash_report_exception_handler.cc(120)] PrepareNewCrashReport failed
[0809/101430.857:ERROR:crash_report_exception_handler.cc(120)] PrepareNewCrashReport failed
[0809/101430.857:ERROR:crash_report_exception_handler.cc(120)] PrepareNewCrashReport failed
[0809/101430.857:ERROR:file_io_win.cc(170)] CreateFile C:\Users\pegAsus\AppData\Local\Temp\scoped_dir22392_54765468\Crashpad\reports\d09fc269-1974-412d-ba60-b6f00b977618.dmp: The system cannot find the path specified. (0x3)
[0809/101430.857:ERROR:crash_report_exception_handler.cc(120)] PrepareNewCrashReport failed
[0809/101430.872:ERROR:file_io_win.cc(161)] CreateFile C:\Users\pegAsus\AppData\Local\Temp\scoped_dir21640_595921039\Crashpad\settings.dat: The system cannot find the path specified. (0x3)
[0809/101430.872:ERROR:file_io_win.cc(161)] CreateFile C:\Users\pegAsus\AppData\Local\Temp\scoped_dir21640_595921039\Crashpad\settings.dat: The system cannot find the path specified. (0x3)
[0809/101430.873:ERROR:file_io_win.cc(161)] CreateFile C:\Users\pegAsus\AppData\Local\Temp\scoped_dir21640_595921039\Crashpad\settings.dat: The system cannot find the path specified. (0x3)
[0809/101430.873:ERROR:file_io_win.cc(170)] CreateFile C:\Users\pegAsus\AppData\Local\Temp\scoped_dir21640_595921039\Crashpad\reports\7607d18a-b5ee-4472-8a9e-a1c8216361a0.dmp: The system cannot find the path specified. (0x3)
[0809/101430.873:ERROR:crash_report_exception_handler.cc(120)] PrepareNewCrashReport failed
[0809/102835.219:ERROR:prune_crash_reports.cc(35)] PruneCrashReportDatabase: Failed to get pending reports
[0809/102918.705:ERROR:prune_crash_reports.cc(35)] PruneCrashReportDatabase: Failed to get pending reports
[0809/103142.785:ERROR:prune_crash_reports.cc(35)] PruneCrashReportDatabase: Failed to get pending reports
[0809/103205.442:ERROR:prune_crash_reports.cc(35)] PruneCrashReportDatabase: Failed to get pending reports
[0809/103314.864:ERROR:prune_crash_reports.cc(35)] PruneCrashReportDatabase: Failed to get pending reports
[0809/103438.307:ERROR:prune_crash_reports.cc(35)] PruneCrashReportDatabase: Failed to get pending reports
[0809/103500.037:ERROR:prune_crash_reports.cc(35)] PruneCrashReportDatabase: Failed to get pending reports
[0809/103520.314:ERROR:prune_crash_reports.cc(35)] PruneCrashReportDatabase: Failed to get pending reports
[0809/155531.187:ERROR:prune_crash_reports.cc(35)] PruneCrashReportDatabase: Failed to get pending reports
[0809/155546.240:ERROR:prune_crash_reports.cc(35)] PruneCrashReportDatabase: Failed to get pending reports
[0809/155623.077:ERROR:prune_crash_reports.cc(35)] PruneCrashReportDatabase: Failed to get pending reports
[0809/155830.386:ERROR:prune_crash_reports.cc(35)] PruneCrashReportDatabase: Failed to get pending reports
[0809/155845.178:ERROR:prune_crash_reports.cc(35)] PruneCrashReportDatabase: Failed to get pending reports
[0809/155907.205:ERROR:prune_crash_reports.cc(35)] PruneCrashReportDatabase: Failed to get pending reports
[0809/155923.873:ERROR:prune_crash_reports.cc(35)] PruneCrashReportDatabase: Failed to get pending reports
[0809/160158.992:ERROR:prune_crash_reports.cc(35)] PruneCrashReportDatabase: Failed to get pending reports
[0809/160214.008:ERROR:prune_crash_reports.cc(35)] PruneCrashReportDatabase: Failed to get pending reports
[0809/160239.348:ERROR:prune_crash_reports.cc(35)] PruneCrashReportDatabase: Failed to get pending reports
[0809/160335.612:ERROR:prune_crash_reports.cc(35)] PruneCrashReportDatabase: Failed to get pending reports
[0809/161302.738:ERROR:prune_crash_reports.cc(35)] PruneCrashReportDatabase: Failed to get pending reports
[0809/161318.638:ERROR:prune_crash_reports.cc(35)] PruneCrashReportDatabase: Failed to get pending reports
[0809/161419.392:ERROR:prune_crash_reports.cc(35)] PruneCrashReportDatabase: Failed to get pending reports
[0809/161438.180:ERROR:prune_crash_reports.cc(35)] PruneCrashReportDatabase: Failed to get pending reports
[0809/161542.862:ERROR:prune_crash_reports.cc(35)] PruneCrashReportDatabase: Failed to get pending reports
[0809/161559.972:ERROR:prune_crash_reports.cc(35)] PruneCrashReportDatabase: Failed to get pending reports
[0809/161717.684:ERROR:prune_crash_reports.cc(35)] PruneCrashReportDatabase: Failed to get pending reports
[0809/161804.230:ERROR:prune_crash_reports.cc(35)] PruneCrashReportDatabase: Failed to get pending reports
[0809/161822.121:ERROR:prune_crash_reports.cc(35)] PruneCrashReportDatabase: Failed to get pending reports
[0809/162000.629:ERROR:prune_crash_reports.cc(35)] PruneCrashReportDatabase: Failed to get pending reports
[0809/162020.417:ERROR:prune_crash_reports.cc(35)] PruneCrashReportDatabase: Failed to get pending reports
[0809/162051.644:ERROR:prune_crash_reports.cc(35)] PruneCrashReportDatabase: Failed to get pending reports
[0809/162107.589:ERROR:prune_crash_reports.cc(35)] PruneCrashReportDatabase: Failed to get pending reports
[0809/162132.942:ERROR:prune_crash_reports.cc(35)] PruneCrashReportDatabase: Failed to get pending reports
[0809/162149.067:ERROR:prune_crash_reports.cc(35)] PruneCrashReportDatabase: Failed to get pending reports
[0809/162236.407:ERROR:prune_crash_reports.cc(35)] PruneCrashReportDatabase: Failed to get pending reports
[0809/162251.656:ERROR:prune_crash_reports.cc(35)] PruneCrashReportDatabase: Failed to get pending reports
[0809/162316.581:ERROR:prune_crash_reports.cc(35)] PruneCrashReportDatabase: Failed to get pending reports
[0809/162334.252:ERROR:prune_crash_reports.cc(35)] PruneCrashReportDatabase: Failed to get pending reports
[0809/162354.597:ERROR:prune_crash_reports.cc(35)] PruneCrashReportDatabase: Failed to get pending reports
[0809/162410.822:ERROR:prune_crash_reports.cc(35)] PruneCrashReportDatabase: Failed to get pending reports
[0809/162429.373:ERROR:prune_crash_reports.cc(35)] PruneCrashReportDatabase: Failed to get pending reports
[0809/162510.670:ERROR:prune_crash_reports.cc(35)] PruneCrashReportDatabase: Failed to get pending reports
[0809/162526.932:ERROR:prune_crash_reports.cc(35)] PruneCrashReportDatabase: Failed to get pending reports
[0809/162551.892:ERROR:prune_crash_reports.cc(35)] PruneCrashReportDatabase: Failed to get pending reports
[0809/162605.728:ERROR:prune_crash_reports.cc(35)] PruneCrashReportDatabase: Failed to get pending reports
[0809/162623.997:ERROR:prune_crash_reports.cc(35)] PruneCrashReportDatabase: Failed to get pending reports
[0809/162644.700:ERROR:prune_crash_reports.cc(35)] PruneCrashReportDatabase: Failed to get pending reports
[0809/162706.807:ERROR:prune_crash_reports.cc(35)] PruneCrashReportDatabase: Failed to get pending reports
[0809/215308.499:ERROR:prune_crash_reports.cc(35)] PruneCrashReportDatabase: Failed to get pending reports
[0809/215335.036:ERROR:prune_crash_reports.cc(35)] PruneCrashReportDatabase: Failed to get pending reports
[0809/215404.981:ERROR:prune_crash_reports.cc(35)] PruneCrashReportDatabase: Failed to get pending reports
[0809/215423.218:ERROR:prune_crash_reports.cc(35)] PruneCrashReportDatabase: Failed to get pending reports
[0809/215439.372:ERROR:prune_crash_reports.cc(35)] PruneCrashReportDatabase: Failed to get pending reports
[0809/215456.374:ERROR:prune_crash_reports.cc(35)] PruneCrashReportDatabase: Failed to get pending reports
[0809/215520.029:ERROR:prune_crash_reports.cc(35)] PruneCrashReportDatabase: Failed to get pending reports
[0809/215536.278:ERROR:prune_crash_reports.cc(35)] PruneCrashReportDatabase: Failed to get pending reports
[0809/215552.838:ERROR:prune_crash_reports.cc(35)] PruneCrashReportDatabase: Failed to get pending reports
[0809/215611.272:ERROR:prune_crash_reports.cc(35)] PruneCrashReportDatabase: Failed to get pending reports
[0809/215630.390:ERROR:prune_crash_reports.cc(35)] PruneCrashReportDatabase: Failed to get pending reports
[0809/215912.892:ERROR:prune_crash_reports.cc(35)] PruneCrashReportDatabase: Failed to get pending reports
[0809/215927.668:ERROR:prune_crash_reports.cc(35)] PruneCrashReportDatabase: Failed to get pending reports
[0809/215951.071:ERROR:prune_crash_reports.cc(35)] PruneCrashReportDatabase: Failed to get pending reports
[0809/220004.774:ERROR:prune_crash_reports.cc(35)] PruneCrashReportDatabase: Failed to get pending reports
[0809/220019.610:ERROR:prune_crash_reports.cc(35)] PruneCrashReportDatabase: Failed to get pending reports
[0809/220034.782:ERROR:prune_crash_reports.cc(35)] PruneCrashReportDatabase: Failed to get pending reports
[0809/220049.713:ERROR:prune_crash_reports.cc(35)] PruneCrashReportDatabase: Failed to get pending reports
[0809/220105.396:ERROR:prune_crash_reports.cc(35)] PruneCrashReportDatabase: Failed to get pending reports
[0809/220122.510:ERROR:prune_crash_reports.cc(35)] PruneCrashReportDatabase: Failed to get pending reports
[0809/220141.416:ERROR:prune_crash_reports.cc(35)] PruneCrashReportDatabase: Failed to get pending reports
[0809/220159.331:ERROR:prune_crash_reports.cc(35)] PruneCrashReportDatabase: Failed to get pending reports
