==============================================================================
Suites                                                                        
==============================================================================
Suites.CareersPage                                                            
==============================================================================
Site accessibility :: site accessibility test                         | PASS |
------------------------------------------------------------------------------
Apply Button :: Verifies if Apply button accessible                   | PASS |
------------------------------------------------------------------------------
Forbes Logo :: Verifies if the Forbes Logo is accessible              | PASS |
------------------------------------------------------------------------------
Bloomberg Logo :: Verifies if the Bloomberg Logo is accessible        | PASS |
------------------------------------------------------------------------------
Raconteur Logo :: Verifies if the Raconteur Logo is accessible        | PASS |
------------------------------------------------------------------------------
Medium Logo :: Verifies if the Medium Logo is accessible              | PASS |
------------------------------------------------------------------------------
AI Business Logo :: Verifies if the AI Business Logo is accessible    | PASS |
------------------------------------------------------------------------------
The Stack Logo :: Verifies if the Stack Logo is accessible            | PASS |
------------------------------------------------------------------------------
Enterprise Management Logo :: Verifies if the Enterprise Managemen... | PASS |
------------------------------------------------------------------------------
Contact Button :: Verifies if the Contact Button is accessible        | PASS |
------------------------------------------------------------------------------
Get In Touch Link :: Verifies if the contact link is accessible       | PASS |
------------------------------------------------------------------------------
Open Postions1 :: Verifies if the 1st OpenPosition link is accessible | PASS |
------------------------------------------------------------------------------
Open Postions2 :: Verifies if the 2nd OpenPosition link is accessible | PASS |
------------------------------------------------------------------------------
Open Postions3 :: Verifies if the 3rd OpenPosition link is accessible | PASS |
------------------------------------------------------------------------------
Suites.CareersPage                                                    | PASS |
14 critical tests, 14 passed, 0 failed
14 tests total, 14 passed, 0 failed
==============================================================================
Suites                                                                | PASS |
14 critical tests, 14 passed, 0 failed
14 tests total, 14 passed, 0 failed
==============================================================================
Output:  C:\Users\pegAsus\workspace_python\SeleniumTrails\WebSiteTesting\Results\pabot_results\2\output.xml
