==============================================================================
Suites                                                                        
==============================================================================
Suites.ProductsPage                                                           
==============================================================================
Site accessibility :: site accessibility test                         | PASS |
------------------------------------------------------------------------------
GetStarted Button :: Verifies if the GetStarted button is accessible  | PASS |
------------------------------------------------------------------------------
Forbes Logo :: Verifies if the Forbes Logo is accessible              | PASS |
------------------------------------------------------------------------------
Bloomberg Logo :: Verifies if the Bloomberg Logo is accessible        | PASS |
------------------------------------------------------------------------------
Raconteur Logo :: Verifies if the Raconteur Logo is accessible        | PASS |
------------------------------------------------------------------------------
Medium Logo :: Verifies if the Medium Logo is accessible              | PASS |
------------------------------------------------------------------------------
AI Business Logo :: Verifies if the AI Business Logo is accessible    | PASS |
------------------------------------------------------------------------------
The Stack Logo :: Verifies if the The Stack Logo is accessible        | PASS |
------------------------------------------------------------------------------
Daisy :: Verifies if the Daisy is accessible                          | PASS |
------------------------------------------------------------------------------
Forstack :: Verifies if the Forstack is accessible                    | PASS |
------------------------------------------------------------------------------
Daisytext :: Verifies if the Daisy text is accessible                 | PASS |
------------------------------------------------------------------------------
Forstacktext :: Verifies if the Forstack text is accessible           | FAIL |
Element with locator '//a[contains(text(),'What is Forstack?????')]' not found.
------------------------------------------------------------------------------
ContactAction :: Verifies if the contact us is accessible             | PASS |
------------------------------------------------------------------------------
ContactForm :: Verifies if the contact form is accessible             | PASS |
------------------------------------------------------------------------------
Suites.ProductsPage                                                   | FAIL |
14 critical tests, 13 passed, 1 failed
14 tests total, 13 passed, 1 failed
==============================================================================
Suites                                                                | FAIL |
14 critical tests, 13 passed, 1 failed
14 tests total, 13 passed, 1 failed
==============================================================================
Output:  C:\Users\pegAsus\workspace_python\SeleniumTrails\WebSiteTesting\results\pabot_results\7\output.xml
