==============================================================================
Suites                                                                        
==============================================================================
Suites.ServicesPage                                                           
==============================================================================
Site accessibility :: site accessibility test                         | PASS |
------------------------------------------------------------------------------
Start Now :: Verifies if the Start Now button is accessible           | FAIL |
Element 'id=component-2' not visible after 10 seconds.
------------------------------------------------------------------------------
Forbes Logo :: Verifies if the Forbes Logo is accessible              | PASS |
------------------------------------------------------------------------------
Bloomberg Logo :: Verifies if the Bloomberg Logo is accessible        | PASS |
------------------------------------------------------------------------------
Raconteur Logo :: Verifies if the Raconteur Logo is accessible        | PASS |
------------------------------------------------------------------------------
Medium Logo :: Verifies if the Medium Logo is accessible              | FAIL |
Element 'id=component-2' not visible after 10 seconds.
------------------------------------------------------------------------------
AI Business Logo :: Verifies if the AI Business Logo is accessible    | PASS |
------------------------------------------------------------------------------
The Stack Logo :: Verifies if the The Stack Logo is accessible        | PASS |
------------------------------------------------------------------------------
Enterprise Management Logo :: Verifies if the Enterprise Managemen... | PASS |
------------------------------------------------------------------------------
AI Scoping Programmes :: Verifies if the AI Scoping Programmes is ... | PASS |
------------------------------------------------------------------------------
Deploy AI solutions :: Verifies if the Deploy AI solutions is acce... | PASS |
------------------------------------------------------------------------------
AI workshops :: Verifies if the AI workshops is accessible            | PASS |
------------------------------------------------------------------------------
Ad-hoc AI Support :: Verifies if the Ad-hoc AI Support is accessible  | PASS |
------------------------------------------------------------------------------
Learn More :: Verifies if the Learn More is accessible                | PASS |
------------------------------------------------------------------------------
ContactAction :: Verifies if the contact us is accessible             | PASS |
------------------------------------------------------------------------------
ContactForm :: Verifies if the contact form is accessible             | PASS |
------------------------------------------------------------------------------
Suites.ServicesPage                                                   | FAIL |
16 critical tests, 14 passed, 2 failed
16 tests total, 14 passed, 2 failed
==============================================================================
Suites                                                                | FAIL |
16 critical tests, 14 passed, 2 failed
16 tests total, 14 passed, 2 failed
==============================================================================
Output:  C:\Users\pegAsus\workspace_python\SeleniumTrails\WebSiteTesting\results\pabot_results\8\output.xml
