==============================================================================
Suites                                                                        
==============================================================================
Suites.AIBPage                                                                
==============================================================================
Site accessibility :: site accessibility test                         | PASS |
------------------------------------------------------------------------------
Start Now :: Verifies if the Start Now button is accessible           | PASS |
------------------------------------------------------------------------------
Forbes Logo :: Verifies if the Forbes Logo is accessible              | PASS |
------------------------------------------------------------------------------
Bloomberg Logo :: Verifies if the Bloomberg Logo is accessible        | PASS |
------------------------------------------------------------------------------
Raconteur Logo :: Verifies if the Raconteur Logo is accessible        | PASS |
------------------------------------------------------------------------------
Medium Logo :: Verifies if the Medium Logo is accessible              | PASS |
------------------------------------------------------------------------------
AI Business Logo :: Verifies if the AI Business Logo is accessible    | FAIL |
Element 'id=component-2' not visible after 10 seconds.
------------------------------------------------------------------------------
The Stack Logo :: Verifies if the The Stack Logo is accessible        | PASS |
------------------------------------------------------------------------------
GetStarted :: Verifies if the Get Started button is accessible        | PASS |
------------------------------------------------------------------------------
ContactAction :: Verifies if the contact us is accessible             | PASS |
------------------------------------------------------------------------------
ContactForm :: Verifies if the contact form is accessible             | PASS |
------------------------------------------------------------------------------
Suites.AIBPage                                                        | FAIL |
11 critical tests, 10 passed, 1 failed
11 tests total, 10 passed, 1 failed
==============================================================================
Suites                                                                | FAIL |
11 critical tests, 10 passed, 1 failed
11 tests total, 10 passed, 1 failed
==============================================================================
Output:  C:\Users\pegAsus\workspace_python\SeleniumTrails\WebSiteTesting\results\pabot_results\0\output.xml
